<?xml version="1.0" encoding="UTF-8"?>
<!-- Generated by org.testng.reporters.JUnitReportReporter -->
<testsuite hostname="DESKTOP-E3EDNBP" failures="0" tests="3" name="libraryApi.DynamicJson" time="2.980" errors="0" timestamp="2024-02-20T16:33:25 IST" skipped="0">
  <testcase classname="libraryApi.DynamicJson" name="addBook" time="0.132"/>
  <testcase classname="libraryApi.DynamicJson" name="addBook" time="0.153"/>
  <testcase classname="libraryApi.DynamicJson" name="addBook" time="2.695"/>
</testsuite> <!-- libraryApi.DynamicJson -->
