<?xml version="1.0" encoding="UTF-8"?>
<!-- Generated by org.testng.reporters.JUnitReportReporter -->
<testsuite hostname="DESKTOP-E3EDNBP" failures="0" tests="1" name="demo.ApiAuto.ComplexJsonParse2" time="1.675" errors="0" timestamp="2024-02-20T13:27:59 IST" skipped="0">
  <testcase classname="demo.ApiAuto.ComplexJsonParse2" name="getTotalAmount" time="1.675"/>
</testsuite> <!-- demo.ApiAuto.ComplexJsonParse2 -->
