<?xml version="1.0" encoding="UTF-8"?>
<!-- Generated by org.testng.reporters.JUnitReportReporter -->
<testsuite hostname="DESKTOP-E3EDNBP" failures="0" tests="1" name="testng.Advanced" time="0.015" errors="0" timestamp="2024-03-12T17:56:42 IST" skipped="0">
  <testcase classname="testng.Advanced" name="test11" time="0.015"/>
</testsuite> <!-- testng.Advanced -->
