<?xml version="1.0" encoding="UTF-8"?>
<!-- Generated by org.testng.reporters.JUnitReportReporter -->
<testsuite hostname="DESKTOP-E3EDNBP" failures="0" tests="1" name="test.day2" time="0.005" errors="0" timestamp="2024-03-01T13:08:25 IST" skipped="0">
  <testcase classname="test.day2" name="ploan" time="0.005"/>
</testsuite> <!-- test.day2 -->
