<?xml version="1.0" encoding="UTF-8"?>
<!-- Generated by org.testng.reporters.JUnitReportReporter -->
<testsuite hostname="DESKTOP-E3EDNBP" failures="0" tests="6" name="test.day3" time="0.024" errors="0" timestamp="2024-03-01T13:08:25 IST" skipped="1">
  <testcase classname="test.day3" name="MobileLogincarLoan" time="0.009"/>
  <testcase classname="test.day3" name="MobilesignoutcarLoan" time="0.008"/>
  <testcase classname="test.day3" name="MobilesignoutcarLoan" time="0.002"/>
  <testcase classname="test.day3" name="MobilesignoutcarLoan" time="0.002"/>
  <testcase classname="test.day3" name="WebloginCarLoan" time="0.003"/>
  <testcase classname="test.day3" name="MobilesignimcarLoan">
    <skipped/>
  </testcase> <!-- MobilesignimcarLoan -->
</testsuite> <!-- test.day3 -->
