<?xml version="1.0" encoding="UTF-8"?>
<!-- Generated by org.testng.reporters.JUnitReportReporter -->
<testsuite hostname="DESKTOP-E3EDNBP" failures="0" tests="3" name="test.day4" time="0.006" errors="0" timestamp="2024-03-01T13:08:25 IST" skipped="0">
  <testcase classname="test.day4" name="WebloginHomeLoan" time="0.002"/>
  <testcase classname="test.day4" name="LoginAPIHomeLoan" time="0.002"/>
  <testcase classname="test.day4" name="MobileLoginHomeLoan" time="0.002"/>
</testsuite> <!-- test.day4 -->
