<?xml version="1.0" encoding="UTF-8"?>
<!-- Generated by org.testng.reporters.JUnitReportReporter -->
<testsuite hostname="apples-MacBook-Pro.local" failures="0" tests="2" name="Melaleuca.mobileAutomation.Test.MelaLoginTest" time="231.504" errors="1" timestamp="2024-01-23T16:24:47 IST" skipped="1">
  <testcase classname="Melaleuca.mobileAutomation.Test.MelaLoginTest" name="loginPage" time="0.000">
    <skipped/>
  </testcase> <!-- loginPage -->
  <testcase classname="Melaleuca.mobileAutomation.Test.MelaLoginTest" name="startMelaluaca" time="231.504">
    <error message="Could not start a new session. Response code 500. Message: An unknown server-side error occurred while processing the command. Original error: Unable to launch WebDriverAgent because of xcodebuild failure: Unable to start WebDriverAgent: Error: We were not able to retrieve the /status response from the WebDriverAgent server after 20000ms timeout.Try to increase the value of &#039;appium:wdaLaunchTimeout&#039; capability as a possible workaround. 
Host info: host: &#039;apples-MacBook-Pro.local&#039;, ip: &#039;fe80:0:0:0:1881:8e6f:9f5a:e95d%en0&#039;
Build info: version: &#039;4.16.1&#039;, revision: &#039;9b4c83354e&#039;
System info: os.name: &#039;Mac OS X&#039;, os.arch: &#039;x86_64&#039;, os.version: &#039;14.1.2&#039;, java.version: &#039;17.0.9&#039;
Driver info: io.appium.java_client.android.AndroidDriver
Command: [null, newSession {capabilities=[{appium:clearSystemFiles=true, appium:wdaLaunchTimeout=20000, appium:deviceName=iPhone 15, platformName=IOS, appium:automationName=XCuiTest, appium:app=//Users//apple//Library//Developer//Xcode//DerivedData//MelaleucaApp-gzhzzhrveniiwsdoasjourstrycr//Build//Products//Debug-iphonesimulator//MelaleucaApp.app, appium:platformVersion=17.2}], desiredCapabilities=Capabilities {appium:app: //Users//apple//Library//De..., appium:automationName: XCuiTest, appium:clearSystemFiles: true, appium:deviceName: iPhone 15, appium:platformVersion: 17.2, appium:wdaLaunchTimeout: 20000, platformName: IOS}}]
Capabilities {appium:app: //Users//apple//Library//De..., appium:automationName: XCuiTest, appium:clearSystemFiles: true, appium:deviceName: iPhone 15, appium:platformVersion: 17.2, appium:wdaLaunchTimeout: 20000, platformName: IOS}" type="org.openqa.selenium.SessionNotCreatedException">
      <![CDATA[org.openqa.selenium.SessionNotCreatedException: Could not start a new session. Response code 500. Message: An unknown server-side error occurred while processing the command. Original error: Unable to launch WebDriverAgent because of xcodebuild failure: Unable to start WebDriverAgent: Error: We were not able to retrieve the /status response from the WebDriverAgent server after 20000ms timeout.Try to increase the value of 'appium:wdaLaunchTimeout' capability as a possible workaround. 
Host info: host: 'apples-MacBook-Pro.local', ip: 'fe80:0:0:0:1881:8e6f:9f5a:e95d%en0'
Build info: version: '4.16.1', revision: '9b4c83354e'
System info: os.name: 'Mac OS X', os.arch: 'x86_64', os.version: '14.1.2', java.version: '17.0.9'
Driver info: io.appium.java_client.android.AndroidDriver
Command: [null, newSession {capabilities=[{appium:clearSystemFiles=true, appium:wdaLaunchTimeout=20000, appium:deviceName=iPhone 15, platformName=IOS, appium:automationName=XCuiTest, appium:app=//Users//apple//Library//Developer//Xcode//DerivedData//MelaleucaApp-gzhzzhrveniiwsdoasjourstrycr//Build//Products//Debug-iphonesimulator//MelaleucaApp.app, appium:platformVersion=17.2}], desiredCapabilities=Capabilities {appium:app: //Users//apple//Library//De..., appium:automationName: XCuiTest, appium:clearSystemFiles: true, appium:deviceName: iPhone 15, appium:platformVersion: 17.2, appium:wdaLaunchTimeout: 20000, platformName: IOS}}]
Capabilities {appium:app: //Users//apple//Library//De..., appium:automationName: XCuiTest, appium:clearSystemFiles: true, appium:deviceName: iPhone 15, appium:platformVersion: 17.2, appium:wdaLaunchTimeout: 20000, platformName: IOS}
at org.openqa.selenium.remote.ProtocolHandshake.createSession(ProtocolHandshake.java:140)
at java.base/jdk.internal.reflect.NativeMethodAccessorImpl.invoke0(Native Method)
at java.base/jdk.internal.reflect.NativeMethodAccessorImpl.invoke(NativeMethodAccessorImpl.java:77)
at java.base/jdk.internal.reflect.DelegatingMethodAccessorImpl.invoke(DelegatingMethodAccessorImpl.java:43)
at java.base/java.lang.reflect.Method.invoke(Method.java:568)
at io.appium.java_client.remote.AppiumProtocolHandshake.createSession(AppiumProtocolHandshake.java:133)
at io.appium.java_client.remote.AppiumProtocolHandshake.createSession(AppiumProtocolHandshake.java:102)
at io.appium.java_client.remote.AppiumCommandExecutor.createSession(AppiumCommandExecutor.java:177)
at io.appium.java_client.remote.AppiumCommandExecutor.execute(AppiumCommandExecutor.java:238)
at org.openqa.selenium.remote.RemoteWebDriver.execute(RemoteWebDriver.java:523)
at io.appium.java_client.AppiumDriver.startSession(AppiumDriver.java:268)
at org.openqa.selenium.remote.RemoteWebDriver.<init>(RemoteWebDriver.java:164)
at io.appium.java_client.AppiumDriver.<init>(AppiumDriver.java:90)
at io.appium.java_client.AppiumDriver.<init>(AppiumDriver.java:102)
at io.appium.java_client.android.AndroidDriver.<init>(AndroidDriver.java:109)
at Melaleuca.mobileAutomation.Utils.MelalIOSBaseClass.startMelaluaca(MelalIOSBaseClass.java:35)
at java.base/jdk.internal.reflect.NativeMethodAccessorImpl.invoke0(Native Method)
at java.base/jdk.internal.reflect.NativeMethodAccessorImpl.invoke(NativeMethodAccessorImpl.java:77)
at java.base/jdk.internal.reflect.DelegatingMethodAccessorImpl.invoke(DelegatingMethodAccessorImpl.java:43)
at java.base/java.lang.reflect.Method.invoke(Method.java:568)
at org.testng.internal.invokers.MethodInvocationHelper.invokeMethod(MethodInvocationHelper.java:139)
at org.testng.internal.invokers.MethodInvocationHelper.invokeMethodConsideringTimeout(MethodInvocationHelper.java:69)
at org.testng.internal.invokers.ConfigInvoker.invokeConfigurationMethod(ConfigInvoker.java:393)
at org.testng.internal.invokers.ConfigInvoker.invokeConfigurations(ConfigInvoker.java:326)
at org.testng.internal.invokers.TestMethodWorker.invokeBeforeClassMethods(TestMethodWorker.java:180)
at org.testng.internal.invokers.TestMethodWorker.run(TestMethodWorker.java:122)
at java.base/java.util.ArrayList.forEach(ArrayList.java:1511)
at org.testng.TestRunner.privateRun(TestRunner.java:819)
at org.testng.TestRunner.run(TestRunner.java:619)
at org.testng.SuiteRunner.runTest(SuiteRunner.java:443)
at org.testng.SuiteRunner.runSequentially(SuiteRunner.java:437)
at org.testng.SuiteRunner.privateRun(SuiteRunner.java:397)
at org.testng.SuiteRunner.run(SuiteRunner.java:336)
at org.testng.SuiteRunnerWorker.runSuite(SuiteRunnerWorker.java:52)
at org.testng.SuiteRunnerWorker.run(SuiteRunnerWorker.java:95)
at org.testng.TestNG.runSuitesSequentially(TestNG.java:1301)
at org.testng.TestNG.runSuitesLocally(TestNG.java:1228)
at org.testng.TestNG.runSuites(TestNG.java:1134)
at org.testng.TestNG.run(TestNG.java:1101)
at org.testng.remote.AbstractRemoteTestNG.run(AbstractRemoteTestNG.java:115)
at org.testng.remote.RemoteTestNG.initAndRun(RemoteTestNG.java:251)
at org.testng.remote.RemoteTestNG.main(RemoteTestNG.java:77)
]]>
    </error>
  </testcase> <!-- startMelaluaca -->
</testsuite> <!-- Melaleuca.mobileAutomation.Test.MelaLoginTest -->
