<?xml version="1.0" encoding="UTF-8"?>
<!-- Generated by org.testng.reporters.JUnitReportReporter -->
<testsuite hostname="apples-MacBook-Pro.local" failures="0" tests="1" name="Melaleuca.mobileAutomation.Test.IOSSignInTest" time="16.937" errors="0" timestamp="2024-01-23T16:38:16 IST" skipped="0">
  <testcase classname="Melaleuca.mobileAutomation.Test.IOSSignInTest" name="wrongCredentials" time="16.937"/>
</testsuite> <!-- Melaleuca.mobileAutomation.Test.IOSSignInTest -->
