<?xml version="1.0" encoding="UTF-8"?>
<!-- Generated by org.testng.reporters.JUnitReportReporter -->
<testsuite hostname="apples-MacBook-Pro.local" failures="0" tests="1" name="Melaleuca.mobileAutomation.Test.AndroidSignInTest" time="17.791" errors="0" timestamp="2024-01-24T12:22:21 IST" skipped="0">
  <testcase classname="Melaleuca.mobileAutomation.Test.AndroidSignInTest" name="AndroidLogin" time="17.791"/>
</testsuite> <!-- Melaleuca.mobileAutomation.Test.AndroidSignInTest -->
